<?xml version="1.0" encoding="UTF-8" ?>
<testsuite tests="4" failures="0" name="com.websystique.spring.service.TipoObjetoServiceImplTest" time="63.22" errors="4" skipped="0">
  <properties>
[...]
</properties>
  <testcase classname="com.websystique.spring.service.TipoObjetoServiceImplTest" name="testSaveTipoObjeto" time="15.493">
    <error message="query did not return a unique result: 2" type="org.hibernate.NonUniqueResultException">org.hibernate.NonUniqueResultException: query did not return a unique result: 2
	at org.hibernate.internal.AbstractQueryImpl.uniqueElement(AbstractQueryImpl.java:975)
	at org.hibernate.internal.CriteriaImpl.uniqueResult(CriteriaImpl.java:402)
	at com.websystique.spring.dao.TipoObjetoDaoImpl.findByNombre(TipoObjetoDaoImpl.java:35)
	at com.websystique.spring.service.TipoObjetoServiceImpl.findByNombre(TipoObjetoServiceImpl.java:32)
	at sun.reflect.NativeMethodAccessorImpl.invoke0(Native Method)
	at sun.reflect.NativeMethodAccessorImpl.invoke(NativeMethodAccessorImpl.java:62)
	at sun.reflect.DelegatingMethodAccessorImpl.invoke(DelegatingMethodAccessorImpl.java:43)
	at java.lang.reflect.Method.invoke(Method.java:498)
	at org.springframework.aop.support.AopUtils.invokeJoinpointUsingReflection(AopUtils.java:317)
	at org.springframework.aop.framework.ReflectiveMethodInvocation.invokeJoinpoint(ReflectiveMethodInvocation.java:190)
	at org.springframework.aop.framework.ReflectiveMethodInvocation.proceed(ReflectiveMethodInvocation.java:157)
	at org.springframework.transaction.interceptor.TransactionInterceptor$1.proceedWithInvocation(TransactionInterceptor.java:98)
	at org.springframework.transaction.interceptor.TransactionAspectSupport.invokeWithinTransaction(TransactionAspectSupport.java:262)
	at org.springframework.transaction.interceptor.TransactionInterceptor.invoke(TransactionInterceptor.java:95)
	at org.springframework.aop.framework.ReflectiveMethodInvocation.proceed(ReflectiveMethodInvocation.java:179)
	at org.springframework.aop.framework.JdkDynamicAopProxy.invoke(JdkDynamicAopProxy.java:207)
	at com.sun.proxy.$Proxy44.findByNombre(Unknown Source)
	at com.websystique.spring.service.TipoObjetoServiceImplTest.testSaveTipoObjeto(TipoObjetoServiceImplTest.java:63)
	at sun.reflect.NativeMethodAccessorImpl.invoke0(Native Method)
	at sun.reflect.NativeMethodAccessorImpl.invoke(NativeMethodAccessorImpl.java:62)
	at sun.reflect.DelegatingMethodAccessorImpl.invoke(DelegatingMethodAccessorImpl.java:43)
	at java.lang.reflect.Method.invoke(Method.java:498)
	at org.junit.runners.model.FrameworkMethod$1.runReflectiveCall(FrameworkMethod.java:50)
	at org.junit.internal.runners.model.ReflectiveCallable.run(ReflectiveCallable.java:12)
	at org.junit.runners.model.FrameworkMethod.invokeExplosively(FrameworkMethod.java:47)
	at org.junit.internal.runners.statements.InvokeMethod.evaluate(InvokeMethod.java:17)
	at org.junit.internal.runners.statements.RunBefores.evaluate(RunBefores.java:26)
	at org.junit.internal.runners.statements.RunAfters.evaluate(RunAfters.java:27)
	at org.junit.runners.ParentRunner.runLeaf(ParentRunner.java:325)
	at org.junit.runners.BlockJUnit4ClassRunner.runChild(BlockJUnit4ClassRunner.java:78)
	at org.junit.runners.BlockJUnit4ClassRunner.runChild(BlockJUnit4ClassRunner.java:57)
	at org.junit.runners.ParentRunner$3.run(ParentRunner.java:290)
	at org.junit.runners.ParentRunner$1.schedule(ParentRunner.java:71)
	at org.junit.runners.ParentRunner.runChildren(ParentRunner.java:288)
	at org.junit.runners.ParentRunner.access$000(ParentRunner.java:58)
	at org.junit.runners.ParentRunner$2.evaluate(ParentRunner.java:268)
	at org.junit.internal.runners.statements.RunBefores.evaluate(RunBefores.java:26)
	at org.junit.internal.runners.statements.RunAfters.evaluate(RunAfters.java:27)
	at org.junit.runners.ParentRunner.run(ParentRunner.java:363)
	at org.apache.maven.surefire.junit4.JUnit4Provider.execute(JUnit4Provider.java:252)
	at org.apache.maven.surefire.junit4.JUnit4Provider.executeTestSet(JUnit4Provider.java:141)
	at org.apache.maven.surefire.junit4.JUnit4Provider.invoke(JUnit4Provider.java:112)
	at sun.reflect.NativeMethodAccessorImpl.invoke0(Native Method)
	at sun.reflect.NativeMethodAccessorImpl.invoke(NativeMethodAccessorImpl.java:62)
	at sun.reflect.DelegatingMethodAccessorImpl.invoke(DelegatingMethodAccessorImpl.java:43)
	at java.lang.reflect.Method.invoke(Method.java:498)
	at org.apache.maven.surefire.util.ReflectionUtils.invokeMethodWithArray(ReflectionUtils.java:189)
	at org.apache.maven.surefire.booter.ProviderFactory$ProviderProxy.invoke(ProviderFactory.java:165)
	at org.apache.maven.surefire.booter.ProviderFactory.invokeProvider(ProviderFactory.java:85)
	at org.apache.maven.surefire.booter.ForkedBooter.runSuitesInProcess(ForkedBooter.java:115)
	at org.apache.maven.surefire.booter.ForkedBooter.main(ForkedBooter.java:75)
</error>
    <system-out>saveTipoObjeto
Hibernate: 
    insert 
    into
        tipoobjeto
        (DEGRADADO, DURABILIDAD_STND, NOMBRE, PESO_STND, TAM_STND) 
    values
        (?, ?, ?, ?, ?)
Hibernate: 
    select
        this_.ID_TIPOOBJETO as ID_TIPOO1_19_0_,
        this_.DEGRADADO as DEGRADAD2_19_0_,
        this_.DURABILIDAD_STND as DURABILI3_19_0_,
        this_.NOMBRE as NOMBRE4_19_0_,
        this_.PESO_STND as PESO_STN5_19_0_,
        this_.TAM_STND as TAM_STND6_19_0_ 
    from
        tipoobjeto this_ 
    where
        this_.NOMBRE=?
</system-out>
    <system-err>Oct 13, 2017 2:06:39 PM org.springframework.context.annotation.AnnotationConfigApplicationContext prepareRefresh
INFO: Refreshing org.springframework.context.annotation.AnnotationConfigApplicationContext@244418a: startup date [Fri Oct 13 14:06:39 BRT 2017]; root of context hierarchy
Oct 13, 2017 2:06:39 PM org.springframework.jdbc.datasource.DriverManagerDataSource setDriverClassName
INFO: Loaded JDBC driver: com.mysql.jdbc.Driver
Oct 13, 2017 2:06:39 PM com.google.cloud.sql.mysql.SocketFactory connect
INFO: Connecting to Cloud SQL instance [poised-ceiling-182418:southamerica-east1:capitanes].
Oct 13, 2017 2:06:39 PM com.google.cloud.sql.core.SslSocketFactory createAndConfigureSocket
INFO: Connecting to Cloud SQL instance [poised-ceiling-182418:southamerica-east1:capitanes] on IP [35.199.93.0].
Oct 13, 2017 2:06:40 PM org.hibernate.dialect.Dialect &lt;init&gt;
INFO: HHH000400: Using dialect: org.hibernate.dialect.MySQLDialect
Oct 13, 2017 2:06:40 PM org.hibernate.engine.transaction.internal.TransactionFactoryInitiator initiateService
INFO: HHH000399: Using default transaction strategy (direct JDBC transactions)
Oct 13, 2017 2:06:40 PM org.hibernate.hql.internal.ast.ASTQueryTranslatorFactory &lt;init&gt;
INFO: HHH000397: Using ASTQueryTranslatorFactory
Oct 13, 2017 2:06:40 PM org.hibernate.tool.hbm2ddl.SchemaValidator validate
INFO: HHH000229: Running schema validator
Oct 13, 2017 2:06:40 PM org.hibernate.tool.hbm2ddl.SchemaValidator validate
INFO: HHH000102: Fetching database metadata
Oct 13, 2017 2:06:40 PM com.google.cloud.sql.mysql.SocketFactory connect
INFO: Connecting to Cloud SQL instance [poised-ceiling-182418:southamerica-east1:capitanes].
Oct 13, 2017 2:06:40 PM com.google.cloud.sql.core.SslSocketFactory createAndConfigureSocket
INFO: Connecting to Cloud SQL instance [poised-ceiling-182418:southamerica-east1:capitanes] on IP [35.199.93.0].
Oct 13, 2017 2:06:42 PM org.hibernate.tool.hbm2ddl.TableMetadata &lt;init&gt;
INFO: HHH000261: Table found: rol276.bonoexp
Oct 13, 2017 2:06:42 PM org.hibernate.tool.hbm2ddl.TableMetadata &lt;init&gt;
INFO: HHH000037: Columns: [bono, fecha, id_bonoexp, motivo, pj_id_pj, aplicado]
Oct 13, 2017 2:06:42 PM org.hibernate.tool.hbm2ddl.TableMetadata &lt;init&gt;
INFO: HHH000261: Table found: rol276.caracteristicas
Oct 13, 2017 2:06:42 PM org.hibernate.tool.hbm2ddl.TableMetadata &lt;init&gt;
INFO: HHH000037: Columns: [agi, pre, apa, con, fue, inte, i, id_car]
Oct 13, 2017 2:06:43 PM org.hibernate.tool.hbm2ddl.TableMetadata &lt;init&gt;
INFO: HHH000261: Table found: rol276.hab_armadura
Oct 13, 2017 2:06:43 PM org.hibernate.tool.hbm2ddl.TableMetadata &lt;init&gt;
INFO: HHH000037: Columns: [ce, c, cm, id_ha, co, sa]
Oct 13, 2017 2:06:43 PM org.hibernate.tool.hbm2ddl.TableMetadata &lt;init&gt;
INFO: HHH000261: Table found: rol276.hab_armas
Oct 13, 2017 2:06:43 PM org.hibernate.tool.hbm2ddl.TableMetadata &lt;init&gt;
INFO: HHH000037: Columns: [asta, dosmanos, arrojadizas, filo, pelea, contundentes, proyectiles, id_har]
Oct 13, 2017 2:06:44 PM org.hibernate.tool.hbm2ddl.TableMetadata &lt;init&gt;
INFO: HHH000261: Table found: rol276.hab_generales
Oct 13, 2017 2:06:44 PM org.hibernate.tool.hbm2ddl.TableMetadata &lt;init&gt;
INFO: HHH000037: Columns: [trepar, rastrear, id_hg, montar, nadar]
Oct 13, 2017 2:06:44 PM org.hibernate.tool.hbm2ddl.TableMetadata &lt;init&gt;
INFO: HHH000261: Table found: rol276.hab_magicas
Oct 13, 2017 2:06:44 PM org.hibernate.tool.hbm2ddl.TableMetadata &lt;init&gt;
INFO: HHH000037: Columns: [usarobjetos, sortilegiosbase, leerrunas, sortilegiosdirgidos, id_hm]
Oct 13, 2017 2:06:45 PM org.hibernate.tool.hbm2ddl.TableMetadata &lt;init&gt;
INFO: HHH000261: Table found: rol276.hab_secundaria
Oct 13, 2017 2:06:45 PM org.hibernate.tool.hbm2ddl.TableMetadata &lt;init&gt;
INFO: HHH000037: Columns: [descripcion, tipo, modificador, id_hs, nombre]
Oct 13, 2017 2:06:45 PM org.hibernate.tool.hbm2ddl.TableMetadata &lt;init&gt;
INFO: HHH000261: Table found: rol276.hab_secundaria_desarrollo
Oct 13, 2017 2:06:45 PM org.hibernate.tool.hbm2ddl.TableMetadata &lt;init&gt;
INFO: HHH000037: Columns: [id_h_s_desa, valor, hab_secundaria_id_hs]
Oct 13, 2017 2:06:45 PM org.hibernate.tool.hbm2ddl.TableMetadata &lt;init&gt;
INFO: HHH000261: Table found: rol276.hab_subterfugio
Oct 13, 2017 2:06:45 PM org.hibernate.tool.hbm2ddl.TableMetadata &lt;init&gt;
INFO: HHH000037: Columns: [abrircerraduras, desactivartrampas, id_hs, acecharesconderse, emboscar]
Oct 13, 2017 2:06:46 PM org.hibernate.tool.hbm2ddl.TableMetadata &lt;init&gt;
INFO: HHH000261: Table found: rol276.habilidades
Oct 13, 2017 2:06:46 PM org.hibernate.tool.hbm2ddl.TableMetadata &lt;init&gt;
INFO: HHH000037: Columns: [habmagicas_id_hm, habsubterfugio_id_hs, habgenerales_id_hg, habarmadura_id_ha, percepcion, bonificaciondefensiva, liderazgoinfluencia, id_habilidades, puntospoder, habarmas_id_har, resistencias_id_resist, desarrollofisico]
Oct 13, 2017 2:06:46 PM org.hibernate.tool.hbm2ddl.TableMetadata &lt;init&gt;
INFO: HHH000261: Table found: rol276.habilidades_hab_secundaria_desarrollo
Oct 13, 2017 2:06:46 PM org.hibernate.tool.hbm2ddl.TableMetadata &lt;init&gt;
INFO: HHH000037: Columns: [habilidades_id_habilidades, habsecundarias_id_h_s_desa]
Oct 13, 2017 2:06:47 PM org.hibernate.tool.hbm2ddl.TableMetadata &lt;init&gt;
INFO: HHH000261: Table found: rol276.habilidades_idioma_desarrollo
Oct 13, 2017 2:06:47 PM org.hibernate.tool.hbm2ddl.TableMetadata &lt;init&gt;
INFO: HHH000037: Columns: [idiomas_id_idioma_des, habilidades_id_habilidades]
Oct 13, 2017 2:06:47 PM org.hibernate.tool.hbm2ddl.TableMetadata &lt;init&gt;
INFO: HHH000261: Table found: rol276.idioma
Oct 13, 2017 2:06:47 PM org.hibernate.tool.hbm2ddl.TableMetadata &lt;init&gt;
INFO: HHH000037: Columns: [descripcion, nombre, id_idioma]
Oct 13, 2017 2:06:48 PM org.hibernate.tool.hbm2ddl.TableMetadata &lt;init&gt;
INFO: HHH000261: Table found: rol276.idioma_desarrollo
Oct 13, 2017 2:06:48 PM org.hibernate.tool.hbm2ddl.TableMetadata &lt;init&gt;
INFO: HHH000037: Columns: [id_idioma_des, valor, idioma_id_idioma]
Oct 13, 2017 2:06:48 PM org.hibernate.tool.hbm2ddl.TableMetadata &lt;init&gt;
INFO: HHH000261: Table found: rol276.jugador
Oct 13, 2017 2:06:48 PM org.hibernate.tool.hbm2ddl.TableMetadata &lt;init&gt;
INFO: HHH000037: Columns: [id_jugador, password, pj_id_pj, cumple, nombre, nombre_usuario, perfil]
Oct 13, 2017 2:06:48 PM org.hibernate.tool.hbm2ddl.TableMetadata &lt;init&gt;
INFO: HHH000261: Table found: rol276.objeto
Oct 13, 2017 2:06:48 PM org.hibernate.tool.hbm2ddl.TableMetadata &lt;init&gt;
INFO: HHH000037: Columns: [apodo, id_tipoobjeto, degradado_actual, id_objeto, nombre]
Oct 13, 2017 2:06:49 PM org.hibernate.tool.hbm2ddl.TableMetadata &lt;init&gt;
INFO: HHH000261: Table found: rol276.personaje
Oct 13, 2017 2:06:49 PM org.hibernate.tool.hbm2ddl.TableMetadata &lt;init&gt;
INFO: HHH000037: Columns: [raza, peso, id_habil, id_pj, edad, nombre, estado_civico, motivacion, religion, alineamiento, id_caract, jugador_id_jugador, altura, genero, exp, nivel, diosesadorados, familia]
Oct 13, 2017 2:06:49 PM org.hibernate.tool.hbm2ddl.TableMetadata &lt;init&gt;
INFO: HHH000261: Table found: rol276.personaje_bonoexp
Oct 13, 2017 2:06:49 PM org.hibernate.tool.hbm2ddl.TableMetadata &lt;init&gt;
INFO: HHH000037: Columns: [bonosexp_id_bonoexp, personaje_id_pj]
Oct 13, 2017 2:06:50 PM org.hibernate.tool.hbm2ddl.TableMetadata &lt;init&gt;
INFO: HHH000261: Table found: rol276.resistencias
Oct 13, 2017 2:06:50 PM org.hibernate.tool.hbm2ddl.TableMetadata &lt;init&gt;
INFO: HHH000037: Columns: [enfermedades, calor, frio, canalizacion, mentalismo, escencia, id_resist, venenos]
Oct 13, 2017 2:06:50 PM org.hibernate.tool.hbm2ddl.TableMetadata &lt;init&gt;
INFO: HHH000261: Table found: rol276.tipoobjeto
Oct 13, 2017 2:06:50 PM org.hibernate.tool.hbm2ddl.TableMetadata &lt;init&gt;
INFO: HHH000037: Columns: [id_tipoobjeto, tam_stnd, peso_stnd, durabilidad_stnd, nombre, degradado]
Oct 13, 2017 2:06:50 PM org.springframework.orm.hibernate4.HibernateTransactionManager afterPropertiesSet
INFO: Using DataSource [org.springframework.jdbc.datasource.DriverManagerDataSource@56e9a474] of Hibernate SessionFactory for HibernateTransactionManager
Oct 13, 2017 2:06:50 PM com.google.cloud.sql.mysql.SocketFactory connect
INFO: Connecting to Cloud SQL instance [poised-ceiling-182418:southamerica-east1:capitanes].
Oct 13, 2017 2:06:50 PM com.google.cloud.sql.core.SslSocketFactory createAndConfigureSocket
INFO: Connecting to Cloud SQL instance [poised-ceiling-182418:southamerica-east1:capitanes] on IP [35.199.93.0].
Oct 13, 2017 2:06:52 PM com.google.cloud.sql.mysql.SocketFactory connect
INFO: Connecting to Cloud SQL instance [poised-ceiling-182418:southamerica-east1:capitanes].
Oct 13, 2017 2:06:52 PM com.google.cloud.sql.core.SslSocketFactory createAndConfigureSocket
INFO: Connecting to Cloud SQL instance [poised-ceiling-182418:southamerica-east1:capitanes] on IP [35.199.93.0].
</system-err>
  </testcase>
  <testcase classname="com.websystique.spring.service.TipoObjetoServiceImplTest" name="testUpdateTipoObjeto" time="15.071">
    <error message="query did not return a unique result: 2" type="org.hibernate.NonUniqueResultException">org.hibernate.NonUniqueResultException: query did not return a unique result: 2
	at org.hibernate.internal.AbstractQueryImpl.uniqueElement(AbstractQueryImpl.java:975)
	at org.hibernate.internal.CriteriaImpl.uniqueResult(CriteriaImpl.java:402)
	at com.websystique.spring.dao.TipoObjetoDaoImpl.findByNombre(TipoObjetoDaoImpl.java:35)
	at com.websystique.spring.service.TipoObjetoServiceImpl.findByNombre(TipoObjetoServiceImpl.java:32)
	at sun.reflect.NativeMethodAccessorImpl.invoke0(Native Method)
	at sun.reflect.NativeMethodAccessorImpl.invoke(NativeMethodAccessorImpl.java:62)
	at sun.reflect.DelegatingMethodAccessorImpl.invoke(DelegatingMethodAccessorImpl.java:43)
	at java.lang.reflect.Method.invoke(Method.java:498)
	at org.springframework.aop.support.AopUtils.invokeJoinpointUsingReflection(AopUtils.java:317)
	at org.springframework.aop.framework.ReflectiveMethodInvocation.invokeJoinpoint(ReflectiveMethodInvocation.java:190)
	at org.springframework.aop.framework.ReflectiveMethodInvocation.proceed(ReflectiveMethodInvocation.java:157)
	at org.springframework.transaction.interceptor.TransactionInterceptor$1.proceedWithInvocation(TransactionInterceptor.java:98)
	at org.springframework.transaction.interceptor.TransactionAspectSupport.invokeWithinTransaction(TransactionAspectSupport.java:262)
	at org.springframework.transaction.interceptor.TransactionInterceptor.invoke(TransactionInterceptor.java:95)
	at org.springframework.aop.framework.ReflectiveMethodInvocation.proceed(ReflectiveMethodInvocation.java:179)
	at org.springframework.aop.framework.JdkDynamicAopProxy.invoke(JdkDynamicAopProxy.java:207)
	at com.sun.proxy.$Proxy44.findByNombre(Unknown Source)
	at com.websystique.spring.service.TipoObjetoServiceImplTest.testUpdateTipoObjeto(TipoObjetoServiceImplTest.java:138)
	at sun.reflect.NativeMethodAccessorImpl.invoke0(Native Method)
	at sun.reflect.NativeMethodAccessorImpl.invoke(NativeMethodAccessorImpl.java:62)
	at sun.reflect.DelegatingMethodAccessorImpl.invoke(DelegatingMethodAccessorImpl.java:43)
	at java.lang.reflect.Method.invoke(Method.java:498)
	at org.junit.runners.model.FrameworkMethod$1.runReflectiveCall(FrameworkMethod.java:50)
	at org.junit.internal.runners.model.ReflectiveCallable.run(ReflectiveCallable.java:12)
	at org.junit.runners.model.FrameworkMethod.invokeExplosively(FrameworkMethod.java:47)
	at org.junit.internal.runners.statements.InvokeMethod.evaluate(InvokeMethod.java:17)
	at org.junit.internal.runners.statements.RunBefores.evaluate(RunBefores.java:26)
	at org.junit.internal.runners.statements.RunAfters.evaluate(RunAfters.java:27)
	at org.junit.runners.ParentRunner.runLeaf(ParentRunner.java:325)
	at org.junit.runners.BlockJUnit4ClassRunner.runChild(BlockJUnit4ClassRunner.java:78)
	at org.junit.runners.BlockJUnit4ClassRunner.runChild(BlockJUnit4ClassRunner.java:57)
	at org.junit.runners.ParentRunner$3.run(ParentRunner.java:290)
	at org.junit.runners.ParentRunner$1.schedule(ParentRunner.java:71)
	at org.junit.runners.ParentRunner.runChildren(ParentRunner.java:288)
	at org.junit.runners.ParentRunner.access$000(ParentRunner.java:58)
	at org.junit.runners.ParentRunner$2.evaluate(ParentRunner.java:268)
	at org.junit.internal.runners.statements.RunBefores.evaluate(RunBefores.java:26)
	at org.junit.internal.runners.statements.RunAfters.evaluate(RunAfters.java:27)
	at org.junit.runners.ParentRunner.run(ParentRunner.java:363)
	at org.apache.maven.surefire.junit4.JUnit4Provider.execute(JUnit4Provider.java:252)
	at org.apache.maven.surefire.junit4.JUnit4Provider.executeTestSet(JUnit4Provider.java:141)
	at org.apache.maven.surefire.junit4.JUnit4Provider.invoke(JUnit4Provider.java:112)
	at sun.reflect.NativeMethodAccessorImpl.invoke0(Native Method)
	at sun.reflect.NativeMethodAccessorImpl.invoke(NativeMethodAccessorImpl.java:62)
	at sun.reflect.DelegatingMethodAccessorImpl.invoke(DelegatingMethodAccessorImpl.java:43)
	at java.lang.reflect.Method.invoke(Method.java:498)
	at org.apache.maven.surefire.util.ReflectionUtils.invokeMethodWithArray(ReflectionUtils.java:189)
	at org.apache.maven.surefire.booter.ProviderFactory$ProviderProxy.invoke(ProviderFactory.java:165)
	at org.apache.maven.surefire.booter.ProviderFactory.invokeProvider(ProviderFactory.java:85)
	at org.apache.maven.surefire.booter.ForkedBooter.runSuitesInProcess(ForkedBooter.java:115)
	at org.apache.maven.surefire.booter.ForkedBooter.main(ForkedBooter.java:75)
</error>
    <system-out>updateTipoObjeto
Hibernate: 
    insert 
    into
        tipoobjeto
        (DEGRADADO, DURABILIDAD_STND, NOMBRE, PESO_STND, TAM_STND) 
    values
        (?, ?, ?, ?, ?)
Hibernate: 
    select
        this_.ID_TIPOOBJETO as ID_TIPOO1_19_0_,
        this_.DEGRADADO as DEGRADAD2_19_0_,
        this_.DURABILIDAD_STND as DURABILI3_19_0_,
        this_.NOMBRE as NOMBRE4_19_0_,
        this_.PESO_STND as PESO_STN5_19_0_,
        this_.TAM_STND as TAM_STND6_19_0_ 
    from
        tipoobjeto this_ 
    where
        this_.NOMBRE=?
</system-out>
    <system-err>Oct 13, 2017 2:06:54 PM org.springframework.context.annotation.AnnotationConfigApplicationContext prepareRefresh
INFO: Refreshing org.springframework.context.annotation.AnnotationConfigApplicationContext@4cb702ce: startup date [Fri Oct 13 14:06:54 BRT 2017]; root of context hierarchy
Oct 13, 2017 2:06:55 PM org.springframework.jdbc.datasource.DriverManagerDataSource setDriverClassName
INFO: Loaded JDBC driver: com.mysql.jdbc.Driver
Oct 13, 2017 2:06:55 PM com.google.cloud.sql.mysql.SocketFactory connect
INFO: Connecting to Cloud SQL instance [poised-ceiling-182418:southamerica-east1:capitanes].
Oct 13, 2017 2:06:55 PM com.google.cloud.sql.core.SslSocketFactory createAndConfigureSocket
INFO: Connecting to Cloud SQL instance [poised-ceiling-182418:southamerica-east1:capitanes] on IP [35.199.93.0].
Oct 13, 2017 2:06:56 PM org.hibernate.dialect.Dialect &lt;init&gt;
INFO: HHH000400: Using dialect: org.hibernate.dialect.MySQLDialect
Oct 13, 2017 2:06:56 PM org.hibernate.engine.transaction.internal.TransactionFactoryInitiator initiateService
INFO: HHH000399: Using default transaction strategy (direct JDBC transactions)
Oct 13, 2017 2:06:56 PM org.hibernate.hql.internal.ast.ASTQueryTranslatorFactory &lt;init&gt;
INFO: HHH000397: Using ASTQueryTranslatorFactory
Oct 13, 2017 2:06:56 PM org.hibernate.tool.hbm2ddl.SchemaValidator validate
INFO: HHH000229: Running schema validator
Oct 13, 2017 2:06:56 PM org.hibernate.tool.hbm2ddl.SchemaValidator validate
INFO: HHH000102: Fetching database metadata
Oct 13, 2017 2:06:56 PM com.google.cloud.sql.mysql.SocketFactory connect
INFO: Connecting to Cloud SQL instance [poised-ceiling-182418:southamerica-east1:capitanes].
Oct 13, 2017 2:06:56 PM com.google.cloud.sql.core.SslSocketFactory createAndConfigureSocket
INFO: Connecting to Cloud SQL instance [poised-ceiling-182418:southamerica-east1:capitanes] on IP [35.199.93.0].
Oct 13, 2017 2:06:57 PM org.hibernate.tool.hbm2ddl.TableMetadata &lt;init&gt;
INFO: HHH000261: Table found: rol276.bonoexp
Oct 13, 2017 2:06:57 PM org.hibernate.tool.hbm2ddl.TableMetadata &lt;init&gt;
INFO: HHH000037: Columns: [bono, fecha, id_bonoexp, motivo, pj_id_pj, aplicado]
Oct 13, 2017 2:06:58 PM org.hibernate.tool.hbm2ddl.TableMetadata &lt;init&gt;
INFO: HHH000261: Table found: rol276.caracteristicas
Oct 13, 2017 2:06:58 PM org.hibernate.tool.hbm2ddl.TableMetadata &lt;init&gt;
INFO: HHH000037: Columns: [agi, pre, apa, con, fue, inte, i, id_car]
Oct 13, 2017 2:06:58 PM org.hibernate.tool.hbm2ddl.TableMetadata &lt;init&gt;
INFO: HHH000261: Table found: rol276.hab_armadura
Oct 13, 2017 2:06:58 PM org.hibernate.tool.hbm2ddl.TableMetadata &lt;init&gt;
INFO: HHH000037: Columns: [ce, c, cm, id_ha, co, sa]
Oct 13, 2017 2:06:59 PM org.hibernate.tool.hbm2ddl.TableMetadata &lt;init&gt;
INFO: HHH000261: Table found: rol276.hab_armas
Oct 13, 2017 2:06:59 PM org.hibernate.tool.hbm2ddl.TableMetadata &lt;init&gt;
INFO: HHH000037: Columns: [asta, dosmanos, arrojadizas, filo, pelea, contundentes, proyectiles, id_har]
Oct 13, 2017 2:06:59 PM org.hibernate.tool.hbm2ddl.TableMetadata &lt;init&gt;
INFO: HHH000261: Table found: rol276.hab_generales
Oct 13, 2017 2:06:59 PM org.hibernate.tool.hbm2ddl.TableMetadata &lt;init&gt;
INFO: HHH000037: Columns: [trepar, rastrear, id_hg, montar, nadar]
Oct 13, 2017 2:06:59 PM org.hibernate.tool.hbm2ddl.TableMetadata &lt;init&gt;
INFO: HHH000261: Table found: rol276.hab_magicas
Oct 13, 2017 2:06:59 PM org.hibernate.tool.hbm2ddl.TableMetadata &lt;init&gt;
INFO: HHH000037: Columns: [usarobjetos, sortilegiosbase, leerrunas, sortilegiosdirgidos, id_hm]
Oct 13, 2017 2:07:00 PM org.hibernate.tool.hbm2ddl.TableMetadata &lt;init&gt;
INFO: HHH000261: Table found: rol276.hab_secundaria
Oct 13, 2017 2:07:00 PM org.hibernate.tool.hbm2ddl.TableMetadata &lt;init&gt;
INFO: HHH000037: Columns: [descripcion, tipo, modificador, id_hs, nombre]
Oct 13, 2017 2:07:00 PM org.hibernate.tool.hbm2ddl.TableMetadata &lt;init&gt;
INFO: HHH000261: Table found: rol276.hab_secundaria_desarrollo
Oct 13, 2017 2:07:00 PM org.hibernate.tool.hbm2ddl.TableMetadata &lt;init&gt;
INFO: HHH000037: Columns: [id_h_s_desa, valor, hab_secundaria_id_hs]
Oct 13, 2017 2:07:01 PM org.hibernate.tool.hbm2ddl.TableMetadata &lt;init&gt;
INFO: HHH000261: Table found: rol276.hab_subterfugio
Oct 13, 2017 2:07:01 PM org.hibernate.tool.hbm2ddl.TableMetadata &lt;init&gt;
INFO: HHH000037: Columns: [abrircerraduras, desactivartrampas, id_hs, acecharesconderse, emboscar]
Oct 13, 2017 2:07:01 PM org.hibernate.tool.hbm2ddl.TableMetadata &lt;init&gt;
INFO: HHH000261: Table found: rol276.habilidades
Oct 13, 2017 2:07:01 PM org.hibernate.tool.hbm2ddl.TableMetadata &lt;init&gt;
INFO: HHH000037: Columns: [habmagicas_id_hm, habsubterfugio_id_hs, habgenerales_id_hg, habarmadura_id_ha, percepcion, bonificaciondefensiva, liderazgoinfluencia, id_habilidades, puntospoder, habarmas_id_har, resistencias_id_resist, desarrollofisico]
Oct 13, 2017 2:07:02 PM org.hibernate.tool.hbm2ddl.TableMetadata &lt;init&gt;
INFO: HHH000261: Table found: rol276.habilidades_hab_secundaria_desarrollo
Oct 13, 2017 2:07:02 PM org.hibernate.tool.hbm2ddl.TableMetadata &lt;init&gt;
INFO: HHH000037: Columns: [habilidades_id_habilidades, habsecundarias_id_h_s_desa]
Oct 13, 2017 2:07:02 PM org.hibernate.tool.hbm2ddl.TableMetadata &lt;init&gt;
INFO: HHH000261: Table found: rol276.habilidades_idioma_desarrollo
Oct 13, 2017 2:07:02 PM org.hibernate.tool.hbm2ddl.TableMetadata &lt;init&gt;
INFO: HHH000037: Columns: [idiomas_id_idioma_des, habilidades_id_habilidades]
Oct 13, 2017 2:07:02 PM org.hibernate.tool.hbm2ddl.TableMetadata &lt;init&gt;
INFO: HHH000261: Table found: rol276.idioma
Oct 13, 2017 2:07:02 PM org.hibernate.tool.hbm2ddl.TableMetadata &lt;init&gt;
INFO: HHH000037: Columns: [descripcion, nombre, id_idioma]
Oct 13, 2017 2:07:03 PM org.hibernate.tool.hbm2ddl.TableMetadata &lt;init&gt;
INFO: HHH000261: Table found: rol276.idioma_desarrollo
Oct 13, 2017 2:07:03 PM org.hibernate.tool.hbm2ddl.TableMetadata &lt;init&gt;
INFO: HHH000037: Columns: [id_idioma_des, valor, idioma_id_idioma]
Oct 13, 2017 2:07:03 PM org.hibernate.tool.hbm2ddl.TableMetadata &lt;init&gt;
INFO: HHH000261: Table found: rol276.jugador
Oct 13, 2017 2:07:03 PM org.hibernate.tool.hbm2ddl.TableMetadata &lt;init&gt;
INFO: HHH000037: Columns: [id_jugador, password, pj_id_pj, cumple, nombre, nombre_usuario, perfil]
Oct 13, 2017 2:07:04 PM org.hibernate.tool.hbm2ddl.TableMetadata &lt;init&gt;
INFO: HHH000261: Table found: rol276.objeto
Oct 13, 2017 2:07:04 PM org.hibernate.tool.hbm2ddl.TableMetadata &lt;init&gt;
INFO: HHH000037: Columns: [apodo, id_tipoobjeto, degradado_actual, id_objeto, nombre]
Oct 13, 2017 2:07:04 PM org.hibernate.tool.hbm2ddl.TableMetadata &lt;init&gt;
INFO: HHH000261: Table found: rol276.personaje
Oct 13, 2017 2:07:04 PM org.hibernate.tool.hbm2ddl.TableMetadata &lt;init&gt;
INFO: HHH000037: Columns: [raza, peso, id_habil, id_pj, edad, nombre, estado_civico, motivacion, religion, alineamiento, id_caract, jugador_id_jugador, altura, genero, exp, nivel, diosesadorados, familia]
Oct 13, 2017 2:07:04 PM org.hibernate.tool.hbm2ddl.TableMetadata &lt;init&gt;
INFO: HHH000261: Table found: rol276.personaje_bonoexp
Oct 13, 2017 2:07:04 PM org.hibernate.tool.hbm2ddl.TableMetadata &lt;init&gt;
INFO: HHH000037: Columns: [bonosexp_id_bonoexp, personaje_id_pj]
Oct 13, 2017 2:07:05 PM org.hibernate.tool.hbm2ddl.TableMetadata &lt;init&gt;
INFO: HHH000261: Table found: rol276.resistencias
Oct 13, 2017 2:07:05 PM org.hibernate.tool.hbm2ddl.TableMetadata &lt;init&gt;
INFO: HHH000037: Columns: [enfermedades, calor, frio, canalizacion, mentalismo, escencia, id_resist, venenos]
Oct 13, 2017 2:07:05 PM org.hibernate.tool.hbm2ddl.TableMetadata &lt;init&gt;
INFO: HHH000261: Table found: rol276.tipoobjeto
Oct 13, 2017 2:07:05 PM org.hibernate.tool.hbm2ddl.TableMetadata &lt;init&gt;
INFO: HHH000037: Columns: [id_tipoobjeto, tam_stnd, peso_stnd, durabilidad_stnd, nombre, degradado]
Oct 13, 2017 2:07:05 PM org.springframework.orm.hibernate4.HibernateTransactionManager afterPropertiesSet
INFO: Using DataSource [org.springframework.jdbc.datasource.DriverManagerDataSource@12e12ac9] of Hibernate SessionFactory for HibernateTransactionManager
Oct 13, 2017 2:07:05 PM com.google.cloud.sql.mysql.SocketFactory connect
INFO: Connecting to Cloud SQL instance [poised-ceiling-182418:southamerica-east1:capitanes].
Oct 13, 2017 2:07:05 PM com.google.cloud.sql.core.SslSocketFactory createAndConfigureSocket
INFO: Connecting to Cloud SQL instance [poised-ceiling-182418:southamerica-east1:capitanes] on IP [35.199.93.0].
Oct 13, 2017 2:07:07 PM com.google.cloud.sql.mysql.SocketFactory connect
INFO: Connecting to Cloud SQL instance [poised-ceiling-182418:southamerica-east1:capitanes].
Oct 13, 2017 2:07:07 PM com.google.cloud.sql.core.SslSocketFactory createAndConfigureSocket
INFO: Connecting to Cloud SQL instance [poised-ceiling-182418:southamerica-east1:capitanes] on IP [35.199.93.0].
</system-err>
  </testcase>
  <testcase classname="com.websystique.spring.service.TipoObjetoServiceImplTest" name="testDeleteTipoObjetoByNombre" time="15.123">
    <error message="could not execute statement" type="org.hibernate.exception.SQLGrammarException">org.hibernate.exception.SQLGrammarException: could not execute statement
	at org.hibernate.exception.internal.SQLExceptionTypeDelegate.convert(SQLExceptionTypeDelegate.java:80)
	at org.hibernate.exception.internal.StandardSQLExceptionConverter.convert(StandardSQLExceptionConverter.java:49)
	at org.hibernate.engine.jdbc.spi.SqlExceptionHelper.convert(SqlExceptionHelper.java:126)
	at org.hibernate.engine.jdbc.spi.SqlExceptionHelper.convert(SqlExceptionHelper.java:112)
	at org.hibernate.engine.jdbc.internal.ResultSetReturnImpl.executeUpdate(ResultSetReturnImpl.java:211)
	at org.hibernate.engine.query.spi.NativeSQLQueryPlan.performExecuteUpdate(NativeSQLQueryPlan.java:211)
	at org.hibernate.internal.SessionImpl.executeNativeUpdate(SessionImpl.java:1310)
	at org.hibernate.internal.SQLQueryImpl.executeUpdate(SQLQueryImpl.java:389)
	at com.websystique.spring.dao.TipoObjetoDaoImpl.deleteTipoObjetoByNombre(TipoObjetoDaoImpl.java:28)
	at com.websystique.spring.service.TipoObjetoServiceImpl.deleteTipoObjetoByNombre(TipoObjetoServiceImpl.java:28)
	at sun.reflect.NativeMethodAccessorImpl.invoke0(Native Method)
	at sun.reflect.NativeMethodAccessorImpl.invoke(NativeMethodAccessorImpl.java:62)
	at sun.reflect.DelegatingMethodAccessorImpl.invoke(DelegatingMethodAccessorImpl.java:43)
	at java.lang.reflect.Method.invoke(Method.java:498)
	at org.springframework.aop.support.AopUtils.invokeJoinpointUsingReflection(AopUtils.java:317)
	at org.springframework.aop.framework.ReflectiveMethodInvocation.invokeJoinpoint(ReflectiveMethodInvocation.java:190)
	at org.springframework.aop.framework.ReflectiveMethodInvocation.proceed(ReflectiveMethodInvocation.java:157)
	at org.springframework.transaction.interceptor.TransactionInterceptor$1.proceedWithInvocation(TransactionInterceptor.java:98)
	at org.springframework.transaction.interceptor.TransactionAspectSupport.invokeWithinTransaction(TransactionAspectSupport.java:262)
	at org.springframework.transaction.interceptor.TransactionInterceptor.invoke(TransactionInterceptor.java:95)
	at org.springframework.aop.framework.ReflectiveMethodInvocation.proceed(ReflectiveMethodInvocation.java:179)
	at org.springframework.aop.framework.JdkDynamicAopProxy.invoke(JdkDynamicAopProxy.java:207)
	at com.sun.proxy.$Proxy44.deleteTipoObjetoByNombre(Unknown Source)
	at com.websystique.spring.service.TipoObjetoServiceImplTest.testDeleteTipoObjetoByNombre(TipoObjetoServiceImplTest.java:113)
	at sun.reflect.NativeMethodAccessorImpl.invoke0(Native Method)
	at sun.reflect.NativeMethodAccessorImpl.invoke(NativeMethodAccessorImpl.java:62)
	at sun.reflect.DelegatingMethodAccessorImpl.invoke(DelegatingMethodAccessorImpl.java:43)
	at java.lang.reflect.Method.invoke(Method.java:498)
	at org.junit.runners.model.FrameworkMethod$1.runReflectiveCall(FrameworkMethod.java:50)
	at org.junit.internal.runners.model.ReflectiveCallable.run(ReflectiveCallable.java:12)
	at org.junit.runners.model.FrameworkMethod.invokeExplosively(FrameworkMethod.java:47)
	at org.junit.internal.runners.statements.InvokeMethod.evaluate(InvokeMethod.java:17)
	at org.junit.internal.runners.statements.RunBefores.evaluate(RunBefores.java:26)
	at org.junit.internal.runners.statements.RunAfters.evaluate(RunAfters.java:27)
	at org.junit.runners.ParentRunner.runLeaf(ParentRunner.java:325)
	at org.junit.runners.BlockJUnit4ClassRunner.runChild(BlockJUnit4ClassRunner.java:78)
	at org.junit.runners.BlockJUnit4ClassRunner.runChild(BlockJUnit4ClassRunner.java:57)
	at org.junit.runners.ParentRunner$3.run(ParentRunner.java:290)
	at org.junit.runners.ParentRunner$1.schedule(ParentRunner.java:71)
	at org.junit.runners.ParentRunner.runChildren(ParentRunner.java:288)
	at org.junit.runners.ParentRunner.access$000(ParentRunner.java:58)
	at org.junit.runners.ParentRunner$2.evaluate(ParentRunner.java:268)
	at org.junit.internal.runners.statements.RunBefores.evaluate(RunBefores.java:26)
	at org.junit.internal.runners.statements.RunAfters.evaluate(RunAfters.java:27)
	at org.junit.runners.ParentRunner.run(ParentRunner.java:363)
	at org.apache.maven.surefire.junit4.JUnit4Provider.execute(JUnit4Provider.java:252)
	at org.apache.maven.surefire.junit4.JUnit4Provider.executeTestSet(JUnit4Provider.java:141)
	at org.apache.maven.surefire.junit4.JUnit4Provider.invoke(JUnit4Provider.java:112)
	at sun.reflect.NativeMethodAccessorImpl.invoke0(Native Method)
	at sun.reflect.NativeMethodAccessorImpl.invoke(NativeMethodAccessorImpl.java:62)
	at sun.reflect.DelegatingMethodAccessorImpl.invoke(DelegatingMethodAccessorImpl.java:43)
	at java.lang.reflect.Method.invoke(Method.java:498)
	at org.apache.maven.surefire.util.ReflectionUtils.invokeMethodWithArray(ReflectionUtils.java:189)
	at org.apache.maven.surefire.booter.ProviderFactory$ProviderProxy.invoke(ProviderFactory.java:165)
	at org.apache.maven.surefire.booter.ProviderFactory.invokeProvider(ProviderFactory.java:85)
	at org.apache.maven.surefire.booter.ForkedBooter.runSuitesInProcess(ForkedBooter.java:115)
	at org.apache.maven.surefire.booter.ForkedBooter.main(ForkedBooter.java:75)
Caused by: com.mysql.jdbc.exceptions.jdbc4.MySQLSyntaxErrorException: Table &apos;rol276.TipoObjeto&apos; doesn&apos;t exist
	at sun.reflect.NativeConstructorAccessorImpl.newInstance0(Native Method)
	at sun.reflect.NativeConstructorAccessorImpl.newInstance(NativeConstructorAccessorImpl.java:62)
	at sun.reflect.DelegatingConstructorAccessorImpl.newInstance(DelegatingConstructorAccessorImpl.java:45)
	at java.lang.reflect.Constructor.newInstance(Constructor.java:423)
	at com.mysql.jdbc.Util.handleNewInstance(Util.java:408)
	at com.mysql.jdbc.Util.getInstance(Util.java:383)
	at com.mysql.jdbc.SQLError.createSQLException(SQLError.java:1062)
	at com.mysql.jdbc.MysqlIO.checkErrorPacket(MysqlIO.java:4226)
	at com.mysql.jdbc.MysqlIO.checkErrorPacket(MysqlIO.java:4158)
	at com.mysql.jdbc.MysqlIO.sendCommand(MysqlIO.java:2615)
	at com.mysql.jdbc.MysqlIO.sqlQueryDirect(MysqlIO.java:2776)
	at com.mysql.jdbc.ConnectionImpl.execSQL(ConnectionImpl.java:2840)
	at com.mysql.jdbc.PreparedStatement.executeInternal(PreparedStatement.java:2082)
	at com.mysql.jdbc.PreparedStatement.executeUpdate(PreparedStatement.java:2334)
	at com.mysql.jdbc.PreparedStatement.executeUpdate(PreparedStatement.java:2262)
	at com.mysql.jdbc.PreparedStatement.executeUpdate(PreparedStatement.java:2246)
	at org.hibernate.engine.jdbc.internal.ResultSetReturnImpl.executeUpdate(ResultSetReturnImpl.java:208)
	... 52 more
</error>
    <system-out>deleteTipoObjetoByNombre
Hibernate: 
    insert 
    into
        tipoobjeto
        (DEGRADADO, DURABILIDAD_STND, NOMBRE, PESO_STND, TAM_STND) 
    values
        (?, ?, ?, ?, ?)
Hibernate: 
    delete 
    from
        TipoObjeto 
    where
        nombre = ?
</system-out>
    <system-err>Oct 13, 2017 2:07:10 PM org.springframework.context.annotation.AnnotationConfigApplicationContext prepareRefresh
INFO: Refreshing org.springframework.context.annotation.AnnotationConfigApplicationContext@40ef0af8: startup date [Fri Oct 13 14:07:10 BRT 2017]; root of context hierarchy
Oct 13, 2017 2:07:10 PM org.springframework.jdbc.datasource.DriverManagerDataSource setDriverClassName
INFO: Loaded JDBC driver: com.mysql.jdbc.Driver
Oct 13, 2017 2:07:10 PM com.google.cloud.sql.mysql.SocketFactory connect
INFO: Connecting to Cloud SQL instance [poised-ceiling-182418:southamerica-east1:capitanes].
Oct 13, 2017 2:07:10 PM com.google.cloud.sql.core.SslSocketFactory createAndConfigureSocket
INFO: Connecting to Cloud SQL instance [poised-ceiling-182418:southamerica-east1:capitanes] on IP [35.199.93.0].
Oct 13, 2017 2:07:11 PM org.hibernate.dialect.Dialect &lt;init&gt;
INFO: HHH000400: Using dialect: org.hibernate.dialect.MySQLDialect
Oct 13, 2017 2:07:11 PM org.hibernate.engine.transaction.internal.TransactionFactoryInitiator initiateService
INFO: HHH000399: Using default transaction strategy (direct JDBC transactions)
Oct 13, 2017 2:07:11 PM org.hibernate.hql.internal.ast.ASTQueryTranslatorFactory &lt;init&gt;
INFO: HHH000397: Using ASTQueryTranslatorFactory
Oct 13, 2017 2:07:11 PM org.hibernate.tool.hbm2ddl.SchemaValidator validate
INFO: HHH000229: Running schema validator
Oct 13, 2017 2:07:11 PM org.hibernate.tool.hbm2ddl.SchemaValidator validate
INFO: HHH000102: Fetching database metadata
Oct 13, 2017 2:07:11 PM com.google.cloud.sql.mysql.SocketFactory connect
INFO: Connecting to Cloud SQL instance [poised-ceiling-182418:southamerica-east1:capitanes].
Oct 13, 2017 2:07:11 PM com.google.cloud.sql.core.SslSocketFactory createAndConfigureSocket
INFO: Connecting to Cloud SQL instance [poised-ceiling-182418:southamerica-east1:capitanes] on IP [35.199.93.0].
Oct 13, 2017 2:07:12 PM org.hibernate.tool.hbm2ddl.TableMetadata &lt;init&gt;
INFO: HHH000261: Table found: rol276.bonoexp
Oct 13, 2017 2:07:12 PM org.hibernate.tool.hbm2ddl.TableMetadata &lt;init&gt;
INFO: HHH000037: Columns: [bono, fecha, id_bonoexp, motivo, pj_id_pj, aplicado]
Oct 13, 2017 2:07:13 PM org.hibernate.tool.hbm2ddl.TableMetadata &lt;init&gt;
INFO: HHH000261: Table found: rol276.caracteristicas
Oct 13, 2017 2:07:13 PM org.hibernate.tool.hbm2ddl.TableMetadata &lt;init&gt;
INFO: HHH000037: Columns: [agi, pre, apa, con, fue, inte, i, id_car]
Oct 13, 2017 2:07:13 PM org.hibernate.tool.hbm2ddl.TableMetadata &lt;init&gt;
INFO: HHH000261: Table found: rol276.hab_armadura
Oct 13, 2017 2:07:13 PM org.hibernate.tool.hbm2ddl.TableMetadata &lt;init&gt;
INFO: HHH000037: Columns: [ce, c, cm, id_ha, co, sa]
Oct 13, 2017 2:07:14 PM org.hibernate.tool.hbm2ddl.TableMetadata &lt;init&gt;
INFO: HHH000261: Table found: rol276.hab_armas
Oct 13, 2017 2:07:14 PM org.hibernate.tool.hbm2ddl.TableMetadata &lt;init&gt;
INFO: HHH000037: Columns: [asta, dosmanos, arrojadizas, filo, pelea, contundentes, proyectiles, id_har]
Oct 13, 2017 2:07:14 PM org.hibernate.tool.hbm2ddl.TableMetadata &lt;init&gt;
INFO: HHH000261: Table found: rol276.hab_generales
Oct 13, 2017 2:07:14 PM org.hibernate.tool.hbm2ddl.TableMetadata &lt;init&gt;
INFO: HHH000037: Columns: [trepar, rastrear, id_hg, montar, nadar]
Oct 13, 2017 2:07:14 PM org.hibernate.tool.hbm2ddl.TableMetadata &lt;init&gt;
INFO: HHH000261: Table found: rol276.hab_magicas
Oct 13, 2017 2:07:14 PM org.hibernate.tool.hbm2ddl.TableMetadata &lt;init&gt;
INFO: HHH000037: Columns: [usarobjetos, sortilegiosbase, leerrunas, sortilegiosdirgidos, id_hm]
Oct 13, 2017 2:07:15 PM org.hibernate.tool.hbm2ddl.TableMetadata &lt;init&gt;
INFO: HHH000261: Table found: rol276.hab_secundaria
Oct 13, 2017 2:07:15 PM org.hibernate.tool.hbm2ddl.TableMetadata &lt;init&gt;
INFO: HHH000037: Columns: [descripcion, tipo, modificador, id_hs, nombre]
Oct 13, 2017 2:07:15 PM org.hibernate.tool.hbm2ddl.TableMetadata &lt;init&gt;
INFO: HHH000261: Table found: rol276.hab_secundaria_desarrollo
Oct 13, 2017 2:07:15 PM org.hibernate.tool.hbm2ddl.TableMetadata &lt;init&gt;
INFO: HHH000037: Columns: [id_h_s_desa, valor, hab_secundaria_id_hs]
Oct 13, 2017 2:07:16 PM org.hibernate.tool.hbm2ddl.TableMetadata &lt;init&gt;
INFO: HHH000261: Table found: rol276.hab_subterfugio
Oct 13, 2017 2:07:16 PM org.hibernate.tool.hbm2ddl.TableMetadata &lt;init&gt;
INFO: HHH000037: Columns: [abrircerraduras, desactivartrampas, id_hs, acecharesconderse, emboscar]
Oct 13, 2017 2:07:16 PM org.hibernate.tool.hbm2ddl.TableMetadata &lt;init&gt;
INFO: HHH000261: Table found: rol276.habilidades
Oct 13, 2017 2:07:16 PM org.hibernate.tool.hbm2ddl.TableMetadata &lt;init&gt;
INFO: HHH000037: Columns: [habmagicas_id_hm, habsubterfugio_id_hs, habgenerales_id_hg, habarmadura_id_ha, percepcion, bonificaciondefensiva, liderazgoinfluencia, id_habilidades, puntospoder, habarmas_id_har, resistencias_id_resist, desarrollofisico]
Oct 13, 2017 2:07:17 PM org.hibernate.tool.hbm2ddl.TableMetadata &lt;init&gt;
INFO: HHH000261: Table found: rol276.habilidades_hab_secundaria_desarrollo
Oct 13, 2017 2:07:17 PM org.hibernate.tool.hbm2ddl.TableMetadata &lt;init&gt;
INFO: HHH000037: Columns: [habilidades_id_habilidades, habsecundarias_id_h_s_desa]
Oct 13, 2017 2:07:17 PM org.hibernate.tool.hbm2ddl.TableMetadata &lt;init&gt;
INFO: HHH000261: Table found: rol276.habilidades_idioma_desarrollo
Oct 13, 2017 2:07:17 PM org.hibernate.tool.hbm2ddl.TableMetadata &lt;init&gt;
INFO: HHH000037: Columns: [idiomas_id_idioma_des, habilidades_id_habilidades]
Oct 13, 2017 2:07:17 PM org.hibernate.tool.hbm2ddl.TableMetadata &lt;init&gt;
INFO: HHH000261: Table found: rol276.idioma
Oct 13, 2017 2:07:17 PM org.hibernate.tool.hbm2ddl.TableMetadata &lt;init&gt;
INFO: HHH000037: Columns: [descripcion, nombre, id_idioma]
Oct 13, 2017 2:07:18 PM org.hibernate.tool.hbm2ddl.TableMetadata &lt;init&gt;
INFO: HHH000261: Table found: rol276.idioma_desarrollo
Oct 13, 2017 2:07:18 PM org.hibernate.tool.hbm2ddl.TableMetadata &lt;init&gt;
INFO: HHH000037: Columns: [id_idioma_des, valor, idioma_id_idioma]
Oct 13, 2017 2:07:18 PM org.hibernate.tool.hbm2ddl.TableMetadata &lt;init&gt;
INFO: HHH000261: Table found: rol276.jugador
Oct 13, 2017 2:07:18 PM org.hibernate.tool.hbm2ddl.TableMetadata &lt;init&gt;
INFO: HHH000037: Columns: [id_jugador, password, pj_id_pj, cumple, nombre, nombre_usuario, perfil]
Oct 13, 2017 2:07:19 PM org.hibernate.tool.hbm2ddl.TableMetadata &lt;init&gt;
INFO: HHH000261: Table found: rol276.objeto
Oct 13, 2017 2:07:19 PM org.hibernate.tool.hbm2ddl.TableMetadata &lt;init&gt;
INFO: HHH000037: Columns: [apodo, id_tipoobjeto, degradado_actual, id_objeto, nombre]
Oct 13, 2017 2:07:19 PM org.hibernate.tool.hbm2ddl.TableMetadata &lt;init&gt;
INFO: HHH000261: Table found: rol276.personaje
Oct 13, 2017 2:07:19 PM org.hibernate.tool.hbm2ddl.TableMetadata &lt;init&gt;
INFO: HHH000037: Columns: [raza, peso, id_habil, id_pj, edad, nombre, estado_civico, motivacion, religion, alineamiento, id_caract, jugador_id_jugador, altura, genero, exp, nivel, diosesadorados, familia]
Oct 13, 2017 2:07:19 PM org.hibernate.tool.hbm2ddl.TableMetadata &lt;init&gt;
INFO: HHH000261: Table found: rol276.personaje_bonoexp
Oct 13, 2017 2:07:19 PM org.hibernate.tool.hbm2ddl.TableMetadata &lt;init&gt;
INFO: HHH000037: Columns: [bonosexp_id_bonoexp, personaje_id_pj]
Oct 13, 2017 2:07:20 PM org.hibernate.tool.hbm2ddl.TableMetadata &lt;init&gt;
INFO: HHH000261: Table found: rol276.resistencias
Oct 13, 2017 2:07:20 PM org.hibernate.tool.hbm2ddl.TableMetadata &lt;init&gt;
INFO: HHH000037: Columns: [enfermedades, calor, frio, canalizacion, mentalismo, escencia, id_resist, venenos]
Oct 13, 2017 2:07:20 PM org.hibernate.tool.hbm2ddl.TableMetadata &lt;init&gt;
INFO: HHH000261: Table found: rol276.tipoobjeto
Oct 13, 2017 2:07:20 PM org.hibernate.tool.hbm2ddl.TableMetadata &lt;init&gt;
INFO: HHH000037: Columns: [id_tipoobjeto, tam_stnd, peso_stnd, durabilidad_stnd, nombre, degradado]
Oct 13, 2017 2:07:20 PM org.springframework.orm.hibernate4.HibernateTransactionManager afterPropertiesSet
INFO: Using DataSource [org.springframework.jdbc.datasource.DriverManagerDataSource@4f93bf0a] of Hibernate SessionFactory for HibernateTransactionManager
Oct 13, 2017 2:07:20 PM com.google.cloud.sql.mysql.SocketFactory connect
INFO: Connecting to Cloud SQL instance [poised-ceiling-182418:southamerica-east1:capitanes].
Oct 13, 2017 2:07:20 PM com.google.cloud.sql.core.SslSocketFactory createAndConfigureSocket
INFO: Connecting to Cloud SQL instance [poised-ceiling-182418:southamerica-east1:capitanes] on IP [35.199.93.0].
Oct 13, 2017 2:07:22 PM com.google.cloud.sql.mysql.SocketFactory connect
INFO: Connecting to Cloud SQL instance [poised-ceiling-182418:southamerica-east1:capitanes].
Oct 13, 2017 2:07:22 PM com.google.cloud.sql.core.SslSocketFactory createAndConfigureSocket
INFO: Connecting to Cloud SQL instance [poised-ceiling-182418:southamerica-east1:capitanes] on IP [35.199.93.0].
Oct 13, 2017 2:07:24 PM org.hibernate.engine.jdbc.spi.SqlExceptionHelper logExceptions
WARN: SQL Error: 1146, SQLState: 42S02
Oct 13, 2017 2:07:24 PM org.hibernate.engine.jdbc.spi.SqlExceptionHelper logExceptions
ERROR: Table &apos;rol276.TipoObjeto&apos; doesn&apos;t exist
</system-err>
  </testcase>
  <testcase classname="com.websystique.spring.service.TipoObjetoServiceImplTest" name="testFindAllTipoObjetos" time="17.533">
    <error message="could not execute statement" type="org.hibernate.exception.SQLGrammarException">org.hibernate.exception.SQLGrammarException: could not execute statement
	at org.hibernate.exception.internal.SQLExceptionTypeDelegate.convert(SQLExceptionTypeDelegate.java:80)
	at org.hibernate.exception.internal.StandardSQLExceptionConverter.convert(StandardSQLExceptionConverter.java:49)
	at org.hibernate.engine.jdbc.spi.SqlExceptionHelper.convert(SqlExceptionHelper.java:126)
	at org.hibernate.engine.jdbc.spi.SqlExceptionHelper.convert(SqlExceptionHelper.java:112)
	at org.hibernate.engine.jdbc.internal.ResultSetReturnImpl.executeUpdate(ResultSetReturnImpl.java:211)
	at org.hibernate.engine.query.spi.NativeSQLQueryPlan.performExecuteUpdate(NativeSQLQueryPlan.java:211)
	at org.hibernate.internal.SessionImpl.executeNativeUpdate(SessionImpl.java:1310)
	at org.hibernate.internal.SQLQueryImpl.executeUpdate(SQLQueryImpl.java:389)
	at com.websystique.spring.dao.TipoObjetoDaoImpl.deleteTipoObjetoByNombre(TipoObjetoDaoImpl.java:28)
	at com.websystique.spring.service.TipoObjetoServiceImpl.deleteTipoObjetoByNombre(TipoObjetoServiceImpl.java:28)
	at sun.reflect.NativeMethodAccessorImpl.invoke0(Native Method)
	at sun.reflect.NativeMethodAccessorImpl.invoke(NativeMethodAccessorImpl.java:62)
	at sun.reflect.DelegatingMethodAccessorImpl.invoke(DelegatingMethodAccessorImpl.java:43)
	at java.lang.reflect.Method.invoke(Method.java:498)
	at org.springframework.aop.support.AopUtils.invokeJoinpointUsingReflection(AopUtils.java:317)
	at org.springframework.aop.framework.ReflectiveMethodInvocation.invokeJoinpoint(ReflectiveMethodInvocation.java:190)
	at org.springframework.aop.framework.ReflectiveMethodInvocation.proceed(ReflectiveMethodInvocation.java:157)
	at org.springframework.transaction.interceptor.TransactionInterceptor$1.proceedWithInvocation(TransactionInterceptor.java:98)
	at org.springframework.transaction.interceptor.TransactionAspectSupport.invokeWithinTransaction(TransactionAspectSupport.java:262)
	at org.springframework.transaction.interceptor.TransactionInterceptor.invoke(TransactionInterceptor.java:95)
	at org.springframework.aop.framework.ReflectiveMethodInvocation.proceed(ReflectiveMethodInvocation.java:179)
	at org.springframework.aop.framework.JdkDynamicAopProxy.invoke(JdkDynamicAopProxy.java:207)
	at com.sun.proxy.$Proxy44.deleteTipoObjetoByNombre(Unknown Source)
	at com.websystique.spring.service.TipoObjetoServiceImplTest.testFindAllTipoObjetos(TipoObjetoServiceImplTest.java:92)
	at sun.reflect.NativeMethodAccessorImpl.invoke0(Native Method)
	at sun.reflect.NativeMethodAccessorImpl.invoke(NativeMethodAccessorImpl.java:62)
	at sun.reflect.DelegatingMethodAccessorImpl.invoke(DelegatingMethodAccessorImpl.java:43)
	at java.lang.reflect.Method.invoke(Method.java:498)
	at org.junit.runners.model.FrameworkMethod$1.runReflectiveCall(FrameworkMethod.java:50)
	at org.junit.internal.runners.model.ReflectiveCallable.run(ReflectiveCallable.java:12)
	at org.junit.runners.model.FrameworkMethod.invokeExplosively(FrameworkMethod.java:47)
	at org.junit.internal.runners.statements.InvokeMethod.evaluate(InvokeMethod.java:17)
	at org.junit.internal.runners.statements.RunBefores.evaluate(RunBefores.java:26)
	at org.junit.internal.runners.statements.RunAfters.evaluate(RunAfters.java:27)
	at org.junit.runners.ParentRunner.runLeaf(ParentRunner.java:325)
	at org.junit.runners.BlockJUnit4ClassRunner.runChild(BlockJUnit4ClassRunner.java:78)
	at org.junit.runners.BlockJUnit4ClassRunner.runChild(BlockJUnit4ClassRunner.java:57)
	at org.junit.runners.ParentRunner$3.run(ParentRunner.java:290)
	at org.junit.runners.ParentRunner$1.schedule(ParentRunner.java:71)
	at org.junit.runners.ParentRunner.runChildren(ParentRunner.java:288)
	at org.junit.runners.ParentRunner.access$000(ParentRunner.java:58)
	at org.junit.runners.ParentRunner$2.evaluate(ParentRunner.java:268)
	at org.junit.internal.runners.statements.RunBefores.evaluate(RunBefores.java:26)
	at org.junit.internal.runners.statements.RunAfters.evaluate(RunAfters.java:27)
	at org.junit.runners.ParentRunner.run(ParentRunner.java:363)
	at org.apache.maven.surefire.junit4.JUnit4Provider.execute(JUnit4Provider.java:252)
	at org.apache.maven.surefire.junit4.JUnit4Provider.executeTestSet(JUnit4Provider.java:141)
	at org.apache.maven.surefire.junit4.JUnit4Provider.invoke(JUnit4Provider.java:112)
	at sun.reflect.NativeMethodAccessorImpl.invoke0(Native Method)
	at sun.reflect.NativeMethodAccessorImpl.invoke(NativeMethodAccessorImpl.java:62)
	at sun.reflect.DelegatingMethodAccessorImpl.invoke(DelegatingMethodAccessorImpl.java:43)
	at java.lang.reflect.Method.invoke(Method.java:498)
	at org.apache.maven.surefire.util.ReflectionUtils.invokeMethodWithArray(ReflectionUtils.java:189)
	at org.apache.maven.surefire.booter.ProviderFactory$ProviderProxy.invoke(ProviderFactory.java:165)
	at org.apache.maven.surefire.booter.ProviderFactory.invokeProvider(ProviderFactory.java:85)
	at org.apache.maven.surefire.booter.ForkedBooter.runSuitesInProcess(ForkedBooter.java:115)
	at org.apache.maven.surefire.booter.ForkedBooter.main(ForkedBooter.java:75)
Caused by: com.mysql.jdbc.exceptions.jdbc4.MySQLSyntaxErrorException: Table &apos;rol276.TipoObjeto&apos; doesn&apos;t exist
	at sun.reflect.NativeConstructorAccessorImpl.newInstance0(Native Method)
	at sun.reflect.NativeConstructorAccessorImpl.newInstance(NativeConstructorAccessorImpl.java:62)
	at sun.reflect.DelegatingConstructorAccessorImpl.newInstance(DelegatingConstructorAccessorImpl.java:45)
	at java.lang.reflect.Constructor.newInstance(Constructor.java:423)
	at com.mysql.jdbc.Util.handleNewInstance(Util.java:408)
	at com.mysql.jdbc.Util.getInstance(Util.java:383)
	at com.mysql.jdbc.SQLError.createSQLException(SQLError.java:1062)
	at com.mysql.jdbc.MysqlIO.checkErrorPacket(MysqlIO.java:4226)
	at com.mysql.jdbc.MysqlIO.checkErrorPacket(MysqlIO.java:4158)
	at com.mysql.jdbc.MysqlIO.sendCommand(MysqlIO.java:2615)
	at com.mysql.jdbc.MysqlIO.sqlQueryDirect(MysqlIO.java:2776)
	at com.mysql.jdbc.ConnectionImpl.execSQL(ConnectionImpl.java:2840)
	at com.mysql.jdbc.PreparedStatement.executeInternal(PreparedStatement.java:2082)
	at com.mysql.jdbc.PreparedStatement.executeUpdate(PreparedStatement.java:2334)
	at com.mysql.jdbc.PreparedStatement.executeUpdate(PreparedStatement.java:2262)
	at com.mysql.jdbc.PreparedStatement.executeUpdate(PreparedStatement.java:2246)
	at org.hibernate.engine.jdbc.internal.ResultSetReturnImpl.executeUpdate(ResultSetReturnImpl.java:208)
	... 52 more
</error>
    <system-out>findAllTipoObjetos
Hibernate: 
    insert 
    into
        tipoobjeto
        (DEGRADADO, DURABILIDAD_STND, NOMBRE, PESO_STND, TAM_STND) 
    values
        (?, ?, ?, ?, ?)
Hibernate: 
    select
        this_.ID_TIPOOBJETO as ID_TIPOO1_19_0_,
        this_.DEGRADADO as DEGRADAD2_19_0_,
        this_.DURABILIDAD_STND as DURABILI3_19_0_,
        this_.NOMBRE as NOMBRE4_19_0_,
        this_.PESO_STND as PESO_STN5_19_0_,
        this_.TAM_STND as TAM_STND6_19_0_ 
    from
        tipoobjeto this_
Hibernate: 
    delete 
    from
        TipoObjeto 
    where
        nombre = ?
</system-out>
    <system-err>Oct 13, 2017 2:07:25 PM org.springframework.context.annotation.AnnotationConfigApplicationContext prepareRefresh
INFO: Refreshing org.springframework.context.annotation.AnnotationConfigApplicationContext@32a4ecbe: startup date [Fri Oct 13 14:07:25 BRT 2017]; root of context hierarchy
Oct 13, 2017 2:07:25 PM org.springframework.jdbc.datasource.DriverManagerDataSource setDriverClassName
INFO: Loaded JDBC driver: com.mysql.jdbc.Driver
Oct 13, 2017 2:07:25 PM com.google.cloud.sql.mysql.SocketFactory connect
INFO: Connecting to Cloud SQL instance [poised-ceiling-182418:southamerica-east1:capitanes].
Oct 13, 2017 2:07:25 PM com.google.cloud.sql.core.SslSocketFactory createAndConfigureSocket
INFO: Connecting to Cloud SQL instance [poised-ceiling-182418:southamerica-east1:capitanes] on IP [35.199.93.0].
Oct 13, 2017 2:07:26 PM org.hibernate.dialect.Dialect &lt;init&gt;
INFO: HHH000400: Using dialect: org.hibernate.dialect.MySQLDialect
Oct 13, 2017 2:07:26 PM org.hibernate.engine.transaction.internal.TransactionFactoryInitiator initiateService
INFO: HHH000399: Using default transaction strategy (direct JDBC transactions)
Oct 13, 2017 2:07:26 PM org.hibernate.hql.internal.ast.ASTQueryTranslatorFactory &lt;init&gt;
INFO: HHH000397: Using ASTQueryTranslatorFactory
Oct 13, 2017 2:07:26 PM org.hibernate.tool.hbm2ddl.SchemaValidator validate
INFO: HHH000229: Running schema validator
Oct 13, 2017 2:07:26 PM org.hibernate.tool.hbm2ddl.SchemaValidator validate
INFO: HHH000102: Fetching database metadata
Oct 13, 2017 2:07:26 PM com.google.cloud.sql.mysql.SocketFactory connect
INFO: Connecting to Cloud SQL instance [poised-ceiling-182418:southamerica-east1:capitanes].
Oct 13, 2017 2:07:26 PM com.google.cloud.sql.core.SslSocketFactory createAndConfigureSocket
INFO: Connecting to Cloud SQL instance [poised-ceiling-182418:southamerica-east1:capitanes] on IP [35.199.93.0].
Oct 13, 2017 2:07:28 PM org.hibernate.tool.hbm2ddl.TableMetadata &lt;init&gt;
INFO: HHH000261: Table found: rol276.bonoexp
Oct 13, 2017 2:07:28 PM org.hibernate.tool.hbm2ddl.TableMetadata &lt;init&gt;
INFO: HHH000037: Columns: [bono, fecha, id_bonoexp, motivo, pj_id_pj, aplicado]
Oct 13, 2017 2:07:28 PM org.hibernate.tool.hbm2ddl.TableMetadata &lt;init&gt;
INFO: HHH000261: Table found: rol276.caracteristicas
Oct 13, 2017 2:07:28 PM org.hibernate.tool.hbm2ddl.TableMetadata &lt;init&gt;
INFO: HHH000037: Columns: [agi, pre, apa, con, fue, inte, i, id_car]
Oct 13, 2017 2:07:28 PM org.hibernate.tool.hbm2ddl.TableMetadata &lt;init&gt;
INFO: HHH000261: Table found: rol276.hab_armadura
Oct 13, 2017 2:07:28 PM org.hibernate.tool.hbm2ddl.TableMetadata &lt;init&gt;
INFO: HHH000037: Columns: [ce, c, cm, id_ha, co, sa]
Oct 13, 2017 2:07:29 PM org.hibernate.tool.hbm2ddl.TableMetadata &lt;init&gt;
INFO: HHH000261: Table found: rol276.hab_armas
Oct 13, 2017 2:07:29 PM org.hibernate.tool.hbm2ddl.TableMetadata &lt;init&gt;
INFO: HHH000037: Columns: [asta, dosmanos, arrojadizas, filo, pelea, contundentes, proyectiles, id_har]
Oct 13, 2017 2:07:29 PM org.hibernate.tool.hbm2ddl.TableMetadata &lt;init&gt;
INFO: HHH000261: Table found: rol276.hab_generales
Oct 13, 2017 2:07:29 PM org.hibernate.tool.hbm2ddl.TableMetadata &lt;init&gt;
INFO: HHH000037: Columns: [trepar, rastrear, id_hg, montar, nadar]
Oct 13, 2017 2:07:30 PM org.hibernate.tool.hbm2ddl.TableMetadata &lt;init&gt;
INFO: HHH000261: Table found: rol276.hab_magicas
Oct 13, 2017 2:07:30 PM org.hibernate.tool.hbm2ddl.TableMetadata &lt;init&gt;
INFO: HHH000037: Columns: [usarobjetos, sortilegiosbase, leerrunas, sortilegiosdirgidos, id_hm]
Oct 13, 2017 2:07:30 PM org.hibernate.tool.hbm2ddl.TableMetadata &lt;init&gt;
INFO: HHH000261: Table found: rol276.hab_secundaria
Oct 13, 2017 2:07:30 PM org.hibernate.tool.hbm2ddl.TableMetadata &lt;init&gt;
INFO: HHH000037: Columns: [descripcion, tipo, modificador, id_hs, nombre]
Oct 13, 2017 2:07:31 PM org.hibernate.tool.hbm2ddl.TableMetadata &lt;init&gt;
INFO: HHH000261: Table found: rol276.hab_secundaria_desarrollo
Oct 13, 2017 2:07:31 PM org.hibernate.tool.hbm2ddl.TableMetadata &lt;init&gt;
INFO: HHH000037: Columns: [id_h_s_desa, valor, hab_secundaria_id_hs]
Oct 13, 2017 2:07:31 PM org.hibernate.tool.hbm2ddl.TableMetadata &lt;init&gt;
INFO: HHH000261: Table found: rol276.hab_subterfugio
Oct 13, 2017 2:07:31 PM org.hibernate.tool.hbm2ddl.TableMetadata &lt;init&gt;
INFO: HHH000037: Columns: [abrircerraduras, desactivartrampas, id_hs, acecharesconderse, emboscar]
Oct 13, 2017 2:07:31 PM org.hibernate.tool.hbm2ddl.TableMetadata &lt;init&gt;
INFO: HHH000261: Table found: rol276.habilidades
Oct 13, 2017 2:07:31 PM org.hibernate.tool.hbm2ddl.TableMetadata &lt;init&gt;
INFO: HHH000037: Columns: [habmagicas_id_hm, habsubterfugio_id_hs, habgenerales_id_hg, habarmadura_id_ha, percepcion, bonificaciondefensiva, liderazgoinfluencia, id_habilidades, puntospoder, habarmas_id_har, resistencias_id_resist, desarrollofisico]
Oct 13, 2017 2:07:32 PM org.hibernate.tool.hbm2ddl.TableMetadata &lt;init&gt;
INFO: HHH000261: Table found: rol276.habilidades_hab_secundaria_desarrollo
Oct 13, 2017 2:07:32 PM org.hibernate.tool.hbm2ddl.TableMetadata &lt;init&gt;
INFO: HHH000037: Columns: [habilidades_id_habilidades, habsecundarias_id_h_s_desa]
Oct 13, 2017 2:07:32 PM org.hibernate.tool.hbm2ddl.TableMetadata &lt;init&gt;
INFO: HHH000261: Table found: rol276.habilidades_idioma_desarrollo
Oct 13, 2017 2:07:32 PM org.hibernate.tool.hbm2ddl.TableMetadata &lt;init&gt;
INFO: HHH000037: Columns: [idiomas_id_idioma_des, habilidades_id_habilidades]
Oct 13, 2017 2:07:33 PM org.hibernate.tool.hbm2ddl.TableMetadata &lt;init&gt;
INFO: HHH000261: Table found: rol276.idioma
Oct 13, 2017 2:07:33 PM org.hibernate.tool.hbm2ddl.TableMetadata &lt;init&gt;
INFO: HHH000037: Columns: [descripcion, nombre, id_idioma]
Oct 13, 2017 2:07:33 PM org.hibernate.tool.hbm2ddl.TableMetadata &lt;init&gt;
INFO: HHH000261: Table found: rol276.idioma_desarrollo
Oct 13, 2017 2:07:33 PM org.hibernate.tool.hbm2ddl.TableMetadata &lt;init&gt;
INFO: HHH000037: Columns: [id_idioma_des, valor, idioma_id_idioma]
Oct 13, 2017 2:07:34 PM org.hibernate.tool.hbm2ddl.TableMetadata &lt;init&gt;
INFO: HHH000261: Table found: rol276.jugador
Oct 13, 2017 2:07:34 PM org.hibernate.tool.hbm2ddl.TableMetadata &lt;init&gt;
INFO: HHH000037: Columns: [id_jugador, password, pj_id_pj, cumple, nombre, nombre_usuario, perfil]
Oct 13, 2017 2:07:34 PM org.hibernate.tool.hbm2ddl.TableMetadata &lt;init&gt;
INFO: HHH000261: Table found: rol276.objeto
Oct 13, 2017 2:07:34 PM org.hibernate.tool.hbm2ddl.TableMetadata &lt;init&gt;
INFO: HHH000037: Columns: [apodo, id_tipoobjeto, degradado_actual, id_objeto, nombre]
Oct 13, 2017 2:07:35 PM org.hibernate.tool.hbm2ddl.TableMetadata &lt;init&gt;
INFO: HHH000261: Table found: rol276.personaje
Oct 13, 2017 2:07:35 PM org.hibernate.tool.hbm2ddl.TableMetadata &lt;init&gt;
INFO: HHH000037: Columns: [raza, peso, id_habil, id_pj, edad, nombre, estado_civico, motivacion, religion, alineamiento, id_caract, jugador_id_jugador, altura, genero, exp, nivel, diosesadorados, familia]
Oct 13, 2017 2:07:35 PM org.hibernate.tool.hbm2ddl.TableMetadata &lt;init&gt;
INFO: HHH000261: Table found: rol276.personaje_bonoexp
Oct 13, 2017 2:07:35 PM org.hibernate.tool.hbm2ddl.TableMetadata &lt;init&gt;
INFO: HHH000037: Columns: [bonosexp_id_bonoexp, personaje_id_pj]
Oct 13, 2017 2:07:35 PM org.hibernate.tool.hbm2ddl.TableMetadata &lt;init&gt;
INFO: HHH000261: Table found: rol276.resistencias
Oct 13, 2017 2:07:35 PM org.hibernate.tool.hbm2ddl.TableMetadata &lt;init&gt;
INFO: HHH000037: Columns: [enfermedades, calor, frio, canalizacion, mentalismo, escencia, id_resist, venenos]
Oct 13, 2017 2:07:36 PM org.hibernate.tool.hbm2ddl.TableMetadata &lt;init&gt;
INFO: HHH000261: Table found: rol276.tipoobjeto
Oct 13, 2017 2:07:36 PM org.hibernate.tool.hbm2ddl.TableMetadata &lt;init&gt;
INFO: HHH000037: Columns: [id_tipoobjeto, tam_stnd, peso_stnd, durabilidad_stnd, nombre, degradado]
Oct 13, 2017 2:07:36 PM org.springframework.orm.hibernate4.HibernateTransactionManager afterPropertiesSet
INFO: Using DataSource [org.springframework.jdbc.datasource.DriverManagerDataSource@61b65d54] of Hibernate SessionFactory for HibernateTransactionManager
Oct 13, 2017 2:07:36 PM com.google.cloud.sql.mysql.SocketFactory connect
INFO: Connecting to Cloud SQL instance [poised-ceiling-182418:southamerica-east1:capitanes].
Oct 13, 2017 2:07:36 PM com.google.cloud.sql.core.SslSocketFactory createAndConfigureSocket
INFO: Connecting to Cloud SQL instance [poised-ceiling-182418:southamerica-east1:capitanes] on IP [35.199.93.0].
Oct 13, 2017 2:07:38 PM com.google.cloud.sql.mysql.SocketFactory connect
INFO: Connecting to Cloud SQL instance [poised-ceiling-182418:southamerica-east1:capitanes].
Oct 13, 2017 2:07:38 PM com.google.cloud.sql.core.SslSocketFactory createAndConfigureSocket
INFO: Connecting to Cloud SQL instance [poised-ceiling-182418:southamerica-east1:capitanes] on IP [35.199.93.0].
Oct 13, 2017 2:07:40 PM com.google.cloud.sql.mysql.SocketFactory connect
INFO: Connecting to Cloud SQL instance [poised-ceiling-182418:southamerica-east1:capitanes].
Oct 13, 2017 2:07:40 PM com.google.cloud.sql.core.SslSocketFactory createAndConfigureSocket
INFO: Connecting to Cloud SQL instance [poised-ceiling-182418:southamerica-east1:capitanes] on IP [35.199.93.0].
Oct 13, 2017 2:07:42 PM org.hibernate.engine.jdbc.spi.SqlExceptionHelper logExceptions
WARN: SQL Error: 1146, SQLState: 42S02
Oct 13, 2017 2:07:42 PM org.hibernate.engine.jdbc.spi.SqlExceptionHelper logExceptions
ERROR: Table &apos;rol276.TipoObjeto&apos; doesn&apos;t exist
</system-err>
  </testcase>
</testsuite>